-- -*- M2-comint -*- {* hash: -977269506 *}
--loading configuration for package "Bertini" from file /Users/Ro/Library/Application Support/Macaulay2/init-Bertini.m2

i1 : R = CC[x,y,z]

o1 = R

o1 : PolynomialRing

i2 : F = { (y^2+x^2+z^2-1)*x, (y^2+x^2+z^2-1)*y }

       3      2      2       2     3      2
o2 = {x  + x*y  + x*z  - x, x y + y  + y*z  - y}

o2 : List

i3 : NV = bertiniPosDimSolve(F)
Temporary directory for input and output files:/var/folders/ty/zc3ztkx12z16c1x9b89s_97c0000gn/T/M2-44341-0/0

The version of Bertini you have installed on your computer was used for this run. 
Bertini is under ongoing development by D. Bates, J. Hauenstein, A. Sommese, and C. Wampler.


o3 = A variety of dimension 2 with components in
     dim 1:  [dim=1,deg=1]
     dim 2:  [dim=2,deg=2]

o3 : NumericalVariety

i4 : W = NV#1_0 --z-axis

o4 = [dim=1,deg=1]

o4 : WitnessSet

i5 : bertiniSample(W,4)
Temporary directory for input and output files:/var/folders/ty/zc3ztkx12z16c1x9b89s_97c0000gn/T/M2-44341-0/1

The version of Bertini you have installed on your computer was used for this run. 
Bertini is under ongoing development by D. Bates, J. Hauenstein, A. Sommese, and C. Wampler.


o5 = {{0, 4.91078e-212-1.22671e-211*ii, -.0370653+.179191*ii},
     ------------------------------------------------------------------------
     {-1.54861e-309+3.06404e-309*ii, 2.02124e-175-2.89277e-175*ii,
     ------------------------------------------------------------------------
     -.0831146-.450962*ii}, {0, -3.36113e-179+8.70417e-180*ii,
     ------------------------------------------------------------------------
     -.0259236+.173514*ii}, {4.50139e-314+1.35196e-313*ii, 0,
     ------------------------------------------------------------------------
     .13617-.236142*ii}}

o5 : List

i6 : 
